<?xml version="1.0" encoding="UTF-8"?>
<testsuite xmlns:xsi="http://www.w3.org/2001/XMLSchema-instance" xsi:noNamespaceSchemaLocation="https://maven.apache.org/surefire/maven-failsafe-plugin/xsd/failsafe-test-report-3.0.xsd" version="3.0" name="com.example.acceptancetests.AcceptanceTestSuite" time="395.984" tests="14" errors="0" skipped="0" failures="0">
  <properties>
[...]
</properties>
  <testcase name="Login scenario #1" classname="Login" time="30.145">
    <system-out><![CDATA[
@Login
Scenario Outline: Login scenario          &amp#27;[90m# src/test/resources/features/login.feature:17&amp#27;[0m
  &amp#27;[32mGiven &amp#27;[0m&amp#27;[32mI am on the landing page&amp#27;[0m          &amp#27;[90m# com.example.steps.LoginStep.iValidateLandingPage()&amp#27;[0m
  &amp#27;[32mAnd &amp#27;[0m&amp#27;[32mI click button to login page&amp#27;[0m        &amp#27;[90m# com.example.steps.LoginStep.iClickButtonLoginPage()&amp#27;[0m
  &amp#27;[32mWhen &amp#27;[0m&amp#27;[32mI input &amp#27;[0m&amp#27;[32m&amp#27;[1m"hakim001@gmail.com"&amp#27;[0m&amp#27;[32m email&amp#27;[0m &amp#27;[90m# com.example.steps.LoginStep.iInputFieldEmailLogin(java.lang.String)&amp#27;[0m
  &amp#27;[32mAnd &amp#27;[0m&amp#27;[32mI input &amp#27;[0m&amp#27;[32m&amp#27;[1m"Valid@01"&amp#27;[0m&amp#27;[32m password&amp#27;[0m         &amp#27;[90m# com.example.steps.LoginStep.iInputFieldPasswordLogin(java.lang.String)&amp#27;[0m
  &amp#27;[32mAnd &amp#27;[0m&amp#27;[32mclick login button&amp#27;[0m                  &amp#27;[90m# com.example.steps.LoginStep.iClickLoginButton()&amp#27;[0m
  &amp#27;[32mThen &amp#27;[0m&amp#27;[32mI get the &amp#27;[0m&amp#27;[32m&amp#27;[1m"Success"&amp#27;[0m                &amp#27;[90m# com.example.steps.LoginStep.getResultLogin(java.lang.String)&amp#27;[0m
]]></system-out>
    <system-err><![CDATA[[main] INFO io.cucumber.core.plugin.SerenityReporter - Running feature from file:///D:/data%20hakim/Mini%20Project%20Alterra/MobileAltaShop/src/test/resources/features/login.feature
[main] WARN io.cucumber.core.plugin.SerenityReporter - Feature from file:///D:/data%20hakim/Mini%20Project%20Alterra/MobileAltaShop/src/test/resources/features/login.feature is not under the 'features' directory. Requirements report will not be correctly generated!
[main] INFO  - 

-------------------------------------------------------------------------------------
     _______. _______ .______       _______ .__   __.  __  .___________.____    ____ 
    /       ||   ____||   _  \     |   ____||  \ |  | |  | |           |\   \  /   / 
   |   (----`|  |__   |  |_)  |    |  |__   |   \|  | |  | `---|  |----` \   \/   /  
    \   \    |   __|  |      /     |   __|  |  . `  | |  |     |  |       \_    _/   
.----)   |   |  |____ |  |\  \----.|  |____ |  |\   | |  |     |  |         |  |     
|_______/    |_______|| _| `._____||_______||__| \__| |__|     |__|         |__|    
                                                                                     
 News and tutorials at http://www.serenity-bdd.info                                  
 Documentation at https://wakaleo.gitbooks.io/the-serenity-book/content/             
 Join the Serenity Community on Gitter: https://gitter.im/serenity-bdd/serenity-core 
 Serenity BDD Support and Training at http://serenity-bdd.info/#/trainingandsupport  
-------------------------------------------------------------------------------------

[main] INFO  - Test Suite Started: Login
[main] INFO io.cucumber.core.plugin.SerenityReporter - Running feature from file:///D:/data%20hakim/Mini%20Project%20Alterra/MobileAltaShop/src/test/resources/features/logout.feature
[main] WARN io.cucumber.core.plugin.SerenityReporter - Feature from file:///D:/data%20hakim/Mini%20Project%20Alterra/MobileAltaShop/src/test/resources/features/logout.feature is not under the 'features' directory. Requirements report will not be correctly generated!
[main] INFO  - Test Suite Started: Logout
[main] INFO io.cucumber.core.plugin.SerenityReporter - Running feature from file:///D:/data%20hakim/Mini%20Project%20Alterra/MobileAltaShop/src/test/resources/features/product.feature
[main] WARN io.cucumber.core.plugin.SerenityReporter - Feature from file:///D:/data%20hakim/Mini%20Project%20Alterra/MobileAltaShop/src/test/resources/features/product.feature is not under the 'features' directory. Requirements report will not be correctly generated!
[main] INFO  - Test Suite Started: Product
[main] INFO io.cucumber.core.plugin.SerenityReporter - Running feature from file:///D:/data%20hakim/Mini%20Project%20Alterra/MobileAltaShop/src/test/resources/features/register.feature
[main] WARN io.cucumber.core.plugin.SerenityReporter - Feature from file:///D:/data%20hakim/Mini%20Project%20Alterra/MobileAltaShop/src/test/resources/features/register.feature is not under the 'features' directory. Requirements report will not be correctly generated!
[main] INFO  - Test Suite Started: Register
[main] INFO io.cucumber.core.plugin.SerenityReporter - Running feature from file:///D:/data%20hakim/Mini%20Project%20Alterra/MobileAltaShop/src/test/resources/features/login.feature
[main] WARN io.cucumber.core.plugin.SerenityReporter - Feature from file:///D:/data%20hakim/Mini%20Project%20Alterra/MobileAltaShop/src/test/resources/features/login.feature is not under the 'features' directory. Requirements report will not be correctly generated!
[main] INFO  - 
 _____ _____ ____ _____   ____ _____  _    ____ _____ _____ ____  
|_   _| ____/ ___|_   _| / ___|_   _|/ \  |  _ \_   _| ____|  _ \ 
  | | |  _| \___ \ | |   \___ \ | | / _ \ | |_) || | |  _| | | | |
  | | | |___ ___) || |    ___) || |/ ___ \|  _ < | | | |___| |_| |
  |_| |_____|____/ |_|   |____/ |_/_/   \_\_| \_\|_| |_____|____/ 

Login scenario(login;login-scenario)
-------------------------------------------------------------------
May 16, 2022 8:38:00 PM io.appium.java_client.remote.AppiumCommandExecutor$1 lambda$0
INFO: Detected dialect: W3C
[main] INFO  - 
        __    _____ _____ ____ _____   ____   _    ____  ____  _____ ____  
  _     \ \  |_   _| ____/ ___|_   _| |  _ \ / \  / ___|/ ___|| ____|  _ \ 
 (_)_____| |   | | |  _| \___ \ | |   | |_) / _ \ \___ \\___ \|  _| | | | |
  _|_____| |   | | | |___ ___) || |   |  __/ ___ \ ___) |___) | |___| |_| |
 (_)     | |   |_| |_____|____/ |_|   |_| /_/   \_\____/|____/|_____|____/ 
        /_/                                                                

Login scenario
----------------------------------------------------------------------------
]]></system-err>
  </testcase>
  <testcase name="Login scenario #2" classname="Login" time="26.626">
    <system-out><![CDATA[
@Login
Scenario Outline: Login scenario   &amp#27;[90m# src/test/resources/features/login.feature:18&amp#27;[0m
  &amp#27;[32mGiven &amp#27;[0m&amp#27;[32mI am on the landing page&amp#27;[0m   &amp#27;[90m# com.example.steps.LoginStep.iValidateLandingPage()&amp#27;[0m
  &amp#27;[32mAnd &amp#27;[0m&amp#27;[32mI click button to login page&amp#27;[0m &amp#27;[90m# com.example.steps.LoginStep.iClickButtonLoginPage()&amp#27;[0m
  &amp#27;[32mWhen &amp#27;[0m&amp#27;[32mI input &amp#27;[0m&amp#27;[32m&amp#27;[1m""&amp#27;[0m&amp#27;[32m email&amp#27;[0m            &amp#27;[90m# com.example.steps.LoginStep.iInputFieldEmailLogin(java.lang.String)&amp#27;[0m
  &amp#27;[32mAnd &amp#27;[0m&amp#27;[32mI input &amp#27;[0m&amp#27;[32m&amp#27;[1m"Valid@01"&amp#27;[0m&amp#27;[32m password&amp#27;[0m  &amp#27;[90m# com.example.steps.LoginStep.iInputFieldPasswordLogin(java.lang.String)&amp#27;[0m
  &amp#27;[32mAnd &amp#27;[0m&amp#27;[32mclick login button&amp#27;[0m           &amp#27;[90m# com.example.steps.LoginStep.iClickLoginButton()&amp#27;[0m
  &amp#27;[32mThen &amp#27;[0m&amp#27;[32mI get the &amp#27;[0m&amp#27;[32m&amp#27;[1m"Error Email"&amp#27;[0m     &amp#27;[90m# com.example.steps.LoginStep.getResultLogin(java.lang.String)&amp#27;[0m
]]></system-out>
    <system-err><![CDATA[[main] INFO io.cucumber.core.plugin.SerenityReporter - Running feature from file:///D:/data%20hakim/Mini%20Project%20Alterra/MobileAltaShop/src/test/resources/features/login.feature
[main] WARN io.cucumber.core.plugin.SerenityReporter - Feature from file:///D:/data%20hakim/Mini%20Project%20Alterra/MobileAltaShop/src/test/resources/features/login.feature is not under the 'features' directory. Requirements report will not be correctly generated!
May 16, 2022 8:38:29 PM io.appium.java_client.remote.AppiumCommandExecutor$1 lambda$0
INFO: Detected dialect: W3C
[main] INFO  - 
        __    _____ _____ ____ _____   ____   _    ____  ____  _____ ____  
  _     \ \  |_   _| ____/ ___|_   _| |  _ \ / \  / ___|/ ___|| ____|  _ \ 
 (_)_____| |   | | |  _| \___ \ | |   | |_) / _ \ \___ \\___ \|  _| | | | |
  _|_____| |   | | | |___ ___) || |   |  __/ ___ \ ___) |___) | |___| |_| |
 (_)     | |   |_| |_____|____/ |_|   |_| /_/   \_\____/|____/|_____|____/ 
        /_/                                                                

Login scenario
----------------------------------------------------------------------------
]]></system-err>
  </testcase>
  <testcase name="Login scenario #3" classname="Login" time="31.56">
    <system-out><![CDATA[
@Login
Scenario Outline: Login scenario          &amp#27;[90m# src/test/resources/features/login.feature:19&amp#27;[0m
  &amp#27;[32mGiven &amp#27;[0m&amp#27;[32mI am on the landing page&amp#27;[0m          &amp#27;[90m# com.example.steps.LoginStep.iValidateLandingPage()&amp#27;[0m
  &amp#27;[32mAnd &amp#27;[0m&amp#27;[32mI click button to login page&amp#27;[0m        &amp#27;[90m# com.example.steps.LoginStep.iClickButtonLoginPage()&amp#27;[0m
  &amp#27;[32mWhen &amp#27;[0m&amp#27;[32mI input &amp#27;[0m&amp#27;[32m&amp#27;[1m"hakim001@gmail.com"&amp#27;[0m&amp#27;[32m email&amp#27;[0m &amp#27;[90m# com.example.steps.LoginStep.iInputFieldEmailLogin(java.lang.String)&amp#27;[0m
  &amp#27;[32mAnd &amp#27;[0m&amp#27;[32mI input &amp#27;[0m&amp#27;[32m&amp#27;[1m""&amp#27;[0m&amp#27;[32m password&amp#27;[0m                 &amp#27;[90m# com.example.steps.LoginStep.iInputFieldPasswordLogin(java.lang.String)&amp#27;[0m
  &amp#27;[32mAnd &amp#27;[0m&amp#27;[32mclick login button&amp#27;[0m                  &amp#27;[90m# com.example.steps.LoginStep.iClickLoginButton()&amp#27;[0m
  &amp#27;[32mThen &amp#27;[0m&amp#27;[32mI get the &amp#27;[0m&amp#27;[32m&amp#27;[1m"Error Password"&amp#27;[0m         &amp#27;[90m# com.example.steps.LoginStep.getResultLogin(java.lang.String)&amp#27;[0m
]]></system-out>
    <system-err><![CDATA[[main] INFO io.cucumber.core.plugin.SerenityReporter - Running feature from file:///D:/data%20hakim/Mini%20Project%20Alterra/MobileAltaShop/src/test/resources/features/login.feature
[main] WARN io.cucumber.core.plugin.SerenityReporter - Feature from file:///D:/data%20hakim/Mini%20Project%20Alterra/MobileAltaShop/src/test/resources/features/login.feature is not under the 'features' directory. Requirements report will not be correctly generated!
May 16, 2022 8:38:58 PM io.appium.java_client.remote.AppiumCommandExecutor$1 lambda$0
INFO: Detected dialect: W3C
]]></system-err>
  </testcase>
  <testcase name="Login scenario #4" classname="Login" time="27.131">
    <system-out><![CDATA[
@Login
Scenario Outline: Login scenario   &amp#27;[90m# src/test/resources/features/login.feature:20&amp#27;[0m
  &amp#27;[32mGiven &amp#27;[0m&amp#27;[32mI am on the landing page&amp#27;[0m   &amp#27;[90m# com.example.steps.LoginStep.iValidateLandingPage()&amp#27;[0m
  &amp#27;[32mAnd &amp#27;[0m&amp#27;[32mI click button to login page&amp#27;[0m &amp#27;[90m# com.example.steps.LoginStep.iClickButtonLoginPage()&amp#27;[0m
  &amp#27;[32mWhen &amp#27;[0m&amp#27;[32mI input &amp#27;[0m&amp#27;[32m&amp#27;[1m""&amp#27;[0m&amp#27;[32m email&amp#27;[0m            &amp#27;[90m# com.example.steps.LoginStep.iInputFieldEmailLogin(java.lang.String)&amp#27;[0m
  &amp#27;[32mAnd &amp#27;[0m&amp#27;[32mI input &amp#27;[0m&amp#27;[32m&amp#27;[1m""&amp#27;[0m&amp#27;[32m password&amp#27;[0m          &amp#27;[90m# com.example.steps.LoginStep.iInputFieldPasswordLogin(java.lang.String)&amp#27;[0m
  &amp#27;[32mAnd &amp#27;[0m&amp#27;[32mclick login button&amp#27;[0m           &amp#27;[90m# com.example.steps.LoginStep.iClickLoginButton()&amp#27;[0m
  &amp#27;[32mThen &amp#27;[0m&amp#27;[32mI get the &amp#27;[0m&amp#27;[32m&amp#27;[1m"Error Email"&amp#27;[0m     &amp#27;[90m# com.example.steps.LoginStep.getResultLogin(java.lang.String)&amp#27;[0m
]]></system-out>
    <system-err><![CDATA[[main] INFO io.cucumber.core.plugin.SerenityReporter - Running feature from file:///D:/data%20hakim/Mini%20Project%20Alterra/MobileAltaShop/src/test/resources/features/login.feature
[main] WARN io.cucumber.core.plugin.SerenityReporter - Feature from file:///D:/data%20hakim/Mini%20Project%20Alterra/MobileAltaShop/src/test/resources/features/login.feature is not under the 'features' directory. Requirements report will not be correctly generated!
May 16, 2022 8:39:28 PM io.appium.java_client.remote.AppiumCommandExecutor$1 lambda$0
INFO: Detected dialect: W3C
]]></system-err>
  </testcase>
  <testcase name="Login scenario #5" classname="Login" time="26.612">
    <system-out><![CDATA[
@Login
Scenario Outline: Login scenario   &amp#27;[90m# src/test/resources/features/login.feature:21&amp#27;[0m
  &amp#27;[32mGiven &amp#27;[0m&amp#27;[32mI am on the landing page&amp#27;[0m   &amp#27;[90m# com.example.steps.LoginStep.iValidateLandingPage()&amp#27;[0m
  &amp#27;[32mAnd &amp#27;[0m&amp#27;[32mI click button to login page&amp#27;[0m &amp#27;[90m# com.example.steps.LoginStep.iClickButtonLoginPage()&amp#27;[0m
  &amp#27;[32mWhen &amp#27;[0m&amp#27;[32mI input &amp#27;[0m&amp#27;[32m&amp#27;[1m"a"&amp#27;[0m&amp#27;[32m email&amp#27;[0m           &amp#27;[90m# com.example.steps.LoginStep.iInputFieldEmailLogin(java.lang.String)&amp#27;[0m
  &amp#27;[32mAnd &amp#27;[0m&amp#27;[32mI input &amp#27;[0m&amp#27;[32m&amp#27;[1m"b"&amp#27;[0m&amp#27;[32m password&amp#27;[0m         &amp#27;[90m# com.example.steps.LoginStep.iInputFieldPasswordLogin(java.lang.String)&amp#27;[0m
  &amp#27;[32mAnd &amp#27;[0m&amp#27;[32mclick login button&amp#27;[0m           &amp#27;[90m# com.example.steps.LoginStep.iClickLoginButton()&amp#27;[0m
  &amp#27;[32mThen &amp#27;[0m&amp#27;[32mI get the &amp#27;[0m&amp#27;[32m&amp#27;[1m"Error Double"&amp#27;[0m    &amp#27;[90m# com.example.steps.LoginStep.getResultLogin(java.lang.String)&amp#27;[0m
]]></system-out>
    <system-err><![CDATA[[main] INFO io.cucumber.core.plugin.SerenityReporter - Running feature from file:///D:/data%20hakim/Mini%20Project%20Alterra/MobileAltaShop/src/test/resources/features/login.feature
[main] WARN io.cucumber.core.plugin.SerenityReporter - Feature from file:///D:/data%20hakim/Mini%20Project%20Alterra/MobileAltaShop/src/test/resources/features/login.feature is not under the 'features' directory. Requirements report will not be correctly generated!
May 16, 2022 8:39:52 PM io.appium.java_client.remote.AppiumCommandExecutor$1 lambda$0
INFO: Detected dialect: W3C
]]></system-err>
  </testcase>
  <testcase name="Success Logout" classname="Logout" time="26.671">
    <system-out><![CDATA[
@Logout
Scenario Outline: Success Logout         &amp#27;[90m# src/test/resources/features/logout.feature:19&amp#27;[0m
  &amp#27;[32mGiven &amp#27;[0m&amp#27;[32mI am on landing page&amp#27;[0m             &amp#27;[90m# com.example.steps.LogoutStep.iValidateLandingPage()&amp#27;[0m
  &amp#27;[32mAnd &amp#27;[0m&amp#27;[32mI choose button to login page&amp#27;[0m      &amp#27;[90m# com.example.steps.LogoutStep.iChooseButtonLoginPage()&amp#27;[0m
  &amp#27;[32mAnd &amp#27;[0m&amp#27;[32mI Input &amp#27;[0m&amp#27;[32m&amp#27;[1m"hakim001@gmail.com"&amp#27;[0m&amp#27;[32m email&amp#27;[0m &amp#27;[90m# com.example.steps.LogoutStep.iInputEmail(java.lang.String)&amp#27;[0m
  &amp#27;[32mAnd &amp#27;[0m&amp#27;[32mI Input &amp#27;[0m&amp#27;[32m&amp#27;[1m"Valid@01"&amp#27;[0m&amp#27;[32m password&amp#27;[0m        &amp#27;[90m# com.example.steps.LogoutStep.iInputPassword(java.lang.String)&amp#27;[0m
  &amp#27;[32mAnd &amp#27;[0m&amp#27;[32mI Click login button&amp#27;[0m               &amp#27;[90m# com.example.steps.LogoutStep.iClickLoginButton()&amp#27;[0m
  &amp#27;[32mWhen &amp#27;[0m&amp#27;[32mI am on the homepage&amp#27;[0m              &amp#27;[90m# com.example.steps.LogoutStep.iAmOnTheHomepage()&amp#27;[0m
  &amp#27;[32mAnd &amp#27;[0m&amp#27;[32mI choose button logout&amp#27;[0m             &amp#27;[90m# com.example.steps.LogoutStep.iChooseButtonLogout()&amp#27;[0m
  &amp#27;[32mThen &amp#27;[0m&amp#27;[32mI get success logout&amp#27;[0m              &amp#27;[90m# com.example.steps.LogoutStep.iGetSuccessLogout()&amp#27;[0m
]]></system-out>
    <system-err><![CDATA[[main] INFO io.cucumber.core.plugin.SerenityReporter - Running feature from file:///D:/data%20hakim/Mini%20Project%20Alterra/MobileAltaShop/src/test/resources/features/logout.feature
[main] WARN io.cucumber.core.plugin.SerenityReporter - Feature from file:///D:/data%20hakim/Mini%20Project%20Alterra/MobileAltaShop/src/test/resources/features/logout.feature is not under the 'features' directory. Requirements report will not be correctly generated!
[main] INFO  - 
 _____ _____ ____ _____   ____ _____  _    ____ _____ _____ ____  
|_   _| ____/ ___|_   _| / ___|_   _|/ \  |  _ \_   _| ____|  _ \ 
  | | |  _| \___ \ | |   \___ \ | | / _ \ | |_) || | |  _| | | | |
  | | | |___ ___) || |    ___) || |/ ___ \|  _ < | | | |___| |_| |
  |_| |_____|____/ |_|   |____/ |_/_/   \_\_| \_\|_| |_____|____/ 

Success Logout(logout;success-logout)
-------------------------------------------------------------------
May 16, 2022 8:40:19 PM io.appium.java_client.remote.AppiumCommandExecutor$1 lambda$0
INFO: Detected dialect: W3C
[main] INFO  - 
        __    _____ _____ ____ _____   ____   _    ____  ____  _____ ____  
  _     \ \  |_   _| ____/ ___|_   _| |  _ \ / \  / ___|/ ___|| ____|  _ \ 
 (_)_____| |   | | |  _| \___ \ | |   | |_) / _ \ \___ \\___ \|  _| | | | |
  _|_____| |   | | | |___ ___) || |   |  __/ ___ \ ___) |___) | |___| |_| |
 (_)     | |   |_| |_____|____/ |_|   |_| /_/   \_\____/|____/|_____|____/ 
        /_/                                                                

Success Logout
----------------------------------------------------------------------------
]]></system-err>
  </testcase>
  <testcase name="See Product AltaShop" classname="Product" time="23.093">
    <system-out><![CDATA[
@Product @SeeProduct
Scenario: See Product AltaShop            &amp#27;[90m# src/test/resources/features/product.feature:8&amp#27;[0m
  &amp#27;[32mGiven &amp#27;[0m&amp#27;[32mI am on the landing page AltaShop&amp#27;[0m &amp#27;[90m# com.example.steps.ProductStep.iValidateLandingPage()&amp#27;[0m
  &amp#27;[32mWhen &amp#27;[0m&amp#27;[32mI don't buy product&amp#27;[0m                &amp#27;[90m# com.example.steps.ProductStep.iDonTBuyProduct()&amp#27;[0m
  &amp#27;[32mAnd &amp#27;[0m&amp#27;[32mI click button cart&amp#27;[0m                 &amp#27;[90m# com.example.steps.ProductStep.iClickButtonCart()&amp#27;[0m
  &amp#27;[32mThen &amp#27;[0m&amp#27;[32mI get cart empty product&amp#27;[0m           &amp#27;[90m# com.example.steps.ProductStep.iGetCartEmptyProduct()&amp#27;[0m
]]></system-out>
    <system-err><![CDATA[[main] INFO io.cucumber.core.plugin.SerenityReporter - Running feature from file:///D:/data%20hakim/Mini%20Project%20Alterra/MobileAltaShop/src/test/resources/features/product.feature
[main] WARN io.cucumber.core.plugin.SerenityReporter - Feature from file:///D:/data%20hakim/Mini%20Project%20Alterra/MobileAltaShop/src/test/resources/features/product.feature is not under the 'features' directory. Requirements report will not be correctly generated!
[main] INFO  - 
 _____ _____ ____ _____   ____ _____  _    ____ _____ _____ ____  
|_   _| ____/ ___|_   _| / ___|_   _|/ \  |  _ \_   _| ____|  _ \ 
  | | |  _| \___ \ | |   \___ \ | | / _ \ | |_) || | |  _| | | | |
  | | | |___ ___) || |    ___) || |/ ___ \|  _ < | | | |___| |_| |
  |_| |_____|____/ |_|   |____/ |_/_/   \_\_| \_\|_| |_____|____/ 

See Product AltaShop(product;see-product-altashop)
-------------------------------------------------------------------
May 16, 2022 8:40:46 PM io.appium.java_client.remote.AppiumCommandExecutor$1 lambda$0
INFO: Detected dialect: W3C
[main] INFO  - 
        __    _____ _____ ____ _____   ____   _    ____  ____  _____ ____  
  _     \ \  |_   _| ____/ ___|_   _| |  _ \ / \  / ___|/ ___|| ____|  _ \ 
 (_)_____| |   | | |  _| \___ \ | |   | |_) / _ \ \___ \\___ \|  _| | | | |
  _|_____| |   | | | |___ ___) || |   |  __/ ___ \ ___) |___) | |___| |_| |
 (_)     | |   |_| |_____|____/ |_|   |_| /_/   \_\____/|____/|_____|____/ 
        /_/                                                                

See Product AltaShop
----------------------------------------------------------------------------
]]></system-err>
  </testcase>
  <testcase name="Buying Product AltaShop" classname="Product" time="23.273">
    <system-out><![CDATA[
@Product @BuyProduct
Scenario: Buying Product AltaShop         &amp#27;[90m# src/test/resources/features/product.feature:15&amp#27;[0m
  &amp#27;[32mGiven &amp#27;[0m&amp#27;[32mI am on the landing page AltaShop&amp#27;[0m &amp#27;[90m# com.example.steps.ProductStep.iValidateLandingPage()&amp#27;[0m
  &amp#27;[32mWhen &amp#27;[0m&amp#27;[32mI click button buy product&amp#27;[0m         &amp#27;[90m# com.example.steps.ProductStep.iClickButtonBuyProduct()&amp#27;[0m
  &amp#27;[32mAnd &amp#27;[0m&amp#27;[32mI click button cart&amp#27;[0m                 &amp#27;[90m# com.example.steps.ProductStep.iClickButtonCart()&amp#27;[0m
  &amp#27;[32mThen &amp#27;[0m&amp#27;[32mI get cart there is product&amp#27;[0m        &amp#27;[90m# com.example.steps.ProductStep.iGetCartThereIsProduct()&amp#27;[0m
]]></system-out>
    <system-err><![CDATA[[main] INFO io.cucumber.core.plugin.SerenityReporter - Running feature from file:///D:/data%20hakim/Mini%20Project%20Alterra/MobileAltaShop/src/test/resources/features/product.feature
[main] WARN io.cucumber.core.plugin.SerenityReporter - Feature from file:///D:/data%20hakim/Mini%20Project%20Alterra/MobileAltaShop/src/test/resources/features/product.feature is not under the 'features' directory. Requirements report will not be correctly generated!
[main] INFO  - 
 _____ _____ ____ _____   ____ _____  _    ____ _____ _____ ____  
|_   _| ____/ ___|_   _| / ___|_   _|/ \  |  _ \_   _| ____|  _ \ 
  | | |  _| \___ \ | |   \___ \ | | / _ \ | |_) || | |  _| | | | |
  | | | |___ ___) || |    ___) || |/ ___ \|  _ < | | | |___| |_| |
  |_| |_____|____/ |_|   |____/ |_/_/   \_\_| \_\|_| |_____|____/ 

Buying Product AltaShop(product;buying-product-altashop)
-------------------------------------------------------------------
May 16, 2022 8:41:08 PM io.appium.java_client.remote.AppiumCommandExecutor$1 lambda$0
INFO: Detected dialect: W3C
[main] INFO  - 
        __    _____ _____ ____ _____   ____   _    ____  ____  _____ ____  
  _     \ \  |_   _| ____/ ___|_   _| |  _ \ / \  / ___|/ ___|| ____|  _ \ 
 (_)_____| |   | | |  _| \___ \ | |   | |_) / _ \ \___ \\___ \|  _| | | | |
  _|_____| |   | | | |___ ___) || |   |  __/ ___ \ ___) |___) | |___| |_| |
 (_)     | |   |_| |_____|____/ |_|   |_| /_/   \_\____/|____/|_____|____/ 
        /_/                                                                

Buying Product AltaShop
----------------------------------------------------------------------------
]]></system-err>
  </testcase>
  <testcase name="Register scenario #1" classname="Register" time="29.23">
    <system-out><![CDATA[
@Register
Scenario Outline: Register scenario &amp#27;[90m# src/test/resources/features/register.feature:19&amp#27;[0m
  &amp#27;[32mGiven &amp#27;[0m&amp#27;[32mI am on the Landing page&amp#27;[0m    &amp#27;[90m# com.example.steps.RegisterStep.iValidateLandingPage()&amp#27;[0m
  &amp#27;[32mAnd &amp#27;[0m&amp#27;[32mI choose button to Login page&amp#27;[0m &amp#27;[90m# com.example.steps.RegisterStep.iClickButtonLoginPage()&amp#27;[0m
  &amp#27;[32mAnd &amp#27;[0m&amp#27;[32mI Click text register&amp#27;[0m         &amp#27;[90m# com.example.steps.RegisterStep.iClickTextRegister()&amp#27;[0m
  &amp#27;[32mWhen &amp#27;[0m&amp#27;[32mI input &amp#27;[0m&amp#27;[32m&amp#27;[1m"Hakim01"&amp#27;[0m&amp#27;[32m fullName&amp#27;[0m   &amp#27;[90m# com.example.steps.RegisterStep.iInputFullName(java.lang.String)&amp#27;[0m
  &amp#27;[32mAnd &amp#27;[0m&amp#27;[32mI input &amp#27;[0m&amp#27;[32m&amp#27;[1m"New"&amp#27;[0m&amp#27;[32m Email&amp#27;[0m           &amp#27;[90m# com.example.steps.RegisterStep.iInputEmail(java.lang.String)&amp#27;[0m
  &amp#27;[32mAnd &amp#27;[0m&amp#27;[32mI input &amp#27;[0m&amp#27;[32m&amp#27;[1m"Valid@01"&amp#27;[0m&amp#27;[32m Password&amp#27;[0m   &amp#27;[90m# com.example.steps.RegisterStep.iInputPassword(java.lang.String)&amp#27;[0m
  &amp#27;[32mAnd &amp#27;[0m&amp#27;[32mclick register button&amp#27;[0m         &amp#27;[90m# com.example.steps.RegisterStep.clickRegisterButton()&amp#27;[0m
  &amp#27;[32mThen &amp#27;[0m&amp#27;[32mI Get the &amp#27;[0m&amp#27;[32m&amp#27;[1m"Success"&amp#27;[0m          &amp#27;[90m# com.example.steps.RegisterStep.iGetThe(java.lang.String)&amp#27;[0m
]]></system-out>
    <system-err><![CDATA[[main] INFO io.cucumber.core.plugin.SerenityReporter - Running feature from file:///D:/data%20hakim/Mini%20Project%20Alterra/MobileAltaShop/src/test/resources/features/register.feature
[main] WARN io.cucumber.core.plugin.SerenityReporter - Feature from file:///D:/data%20hakim/Mini%20Project%20Alterra/MobileAltaShop/src/test/resources/features/register.feature is not under the 'features' directory. Requirements report will not be correctly generated!
[main] INFO  - 
 _____ _____ ____ _____   ____ _____  _    ____ _____ _____ ____  
|_   _| ____/ ___|_   _| / ___|_   _|/ \  |  _ \_   _| ____|  _ \ 
  | | |  _| \___ \ | |   \___ \ | | / _ \ | |_) || | |  _| | | | |
  | | | |___ ___) || |    ___) || |/ ___ \|  _ < | | | |___| |_| |
  |_| |_____|____/ |_|   |____/ |_/_/   \_\_| \_\|_| |_____|____/ 

Register scenario(register;register-scenario)
-------------------------------------------------------------------
May 16, 2022 8:41:31 PM io.appium.java_client.remote.AppiumCommandExecutor$1 lambda$0
INFO: Detected dialect: W3C
[main] INFO  - 
        __    _____ _____ ____ _____   ____   _    ____  ____  _____ ____  
  _     \ \  |_   _| ____/ ___|_   _| |  _ \ / \  / ___|/ ___|| ____|  _ \ 
 (_)_____| |   | | |  _| \___ \ | |   | |_) / _ \ \___ \\___ \|  _| | | | |
  _|_____| |   | | | |___ ___) || |   |  __/ ___ \ ___) |___) | |___| |_| |
 (_)     | |   |_| |_____|____/ |_|   |_| /_/   \_\____/|____/|_____|____/ 
        /_/                                                                

Register scenario
----------------------------------------------------------------------------
]]></system-err>
  </testcase>
  <testcase name="Register scenario #2" classname="Register" time="29.314">
    <system-out><![CDATA[
@Register
Scenario Outline: Register scenario      &amp#27;[90m# src/test/resources/features/register.feature:20&amp#27;[0m
  &amp#27;[32mGiven &amp#27;[0m&amp#27;[32mI am on the Landing page&amp#27;[0m         &amp#27;[90m# com.example.steps.RegisterStep.iValidateLandingPage()&amp#27;[0m
  &amp#27;[32mAnd &amp#27;[0m&amp#27;[32mI choose button to Login page&amp#27;[0m      &amp#27;[90m# com.example.steps.RegisterStep.iClickButtonLoginPage()&amp#27;[0m
  &amp#27;[32mAnd &amp#27;[0m&amp#27;[32mI Click text register&amp#27;[0m              &amp#27;[90m# com.example.steps.RegisterStep.iClickTextRegister()&amp#27;[0m
  &amp#27;[32mWhen &amp#27;[0m&amp#27;[32mI input &amp#27;[0m&amp#27;[32m&amp#27;[1m"Hakim01"&amp#27;[0m&amp#27;[32m fullName&amp#27;[0m        &amp#27;[90m# com.example.steps.RegisterStep.iInputFullName(java.lang.String)&amp#27;[0m
  &amp#27;[32mAnd &amp#27;[0m&amp#27;[32mI input &amp#27;[0m&amp#27;[32m&amp#27;[1m"hakim001@gmail.com"&amp#27;[0m&amp#27;[32m Email&amp#27;[0m &amp#27;[90m# com.example.steps.RegisterStep.iInputEmail(java.lang.String)&amp#27;[0m
  &amp#27;[32mAnd &amp#27;[0m&amp#27;[32mI input &amp#27;[0m&amp#27;[32m&amp#27;[1m""&amp#27;[0m&amp#27;[32m Password&amp#27;[0m                &amp#27;[90m# com.example.steps.RegisterStep.iInputPassword(java.lang.String)&amp#27;[0m
  &amp#27;[32mAnd &amp#27;[0m&amp#27;[32mclick register button&amp#27;[0m              &amp#27;[90m# com.example.steps.RegisterStep.clickRegisterButton()&amp#27;[0m
  &amp#27;[32mThen &amp#27;[0m&amp#27;[32mI Get the &amp#27;[0m&amp#27;[32m&amp#27;[1m"Error Password"&amp#27;[0m        &amp#27;[90m# com.example.steps.RegisterStep.iGetThe(java.lang.String)&amp#27;[0m
]]></system-out>
    <system-err><![CDATA[[main] INFO io.cucumber.core.plugin.SerenityReporter - Running feature from file:///D:/data%20hakim/Mini%20Project%20Alterra/MobileAltaShop/src/test/resources/features/register.feature
[main] WARN io.cucumber.core.plugin.SerenityReporter - Feature from file:///D:/data%20hakim/Mini%20Project%20Alterra/MobileAltaShop/src/test/resources/features/register.feature is not under the 'features' directory. Requirements report will not be correctly generated!
May 16, 2022 8:42:01 PM io.appium.java_client.remote.AppiumCommandExecutor$1 lambda$0
INFO: Detected dialect: W3C
[main] INFO  - 
        __    _____ _____ ____ _____   ____   _    ____  ____  _____ ____  
  _     \ \  |_   _| ____/ ___|_   _| |  _ \ / \  / ___|/ ___|| ____|  _ \ 
 (_)_____| |   | | |  _| \___ \ | |   | |_) / _ \ \___ \\___ \|  _| | | | |
  _|_____| |   | | | |___ ___) || |   |  __/ ___ \ ___) |___) | |___| |_| |
 (_)     | |   |_| |_____|____/ |_|   |_| /_/   \_\____/|____/|_____|____/ 
        /_/                                                                

Register scenario
----------------------------------------------------------------------------
]]></system-err>
  </testcase>
  <testcase name="Register scenario #3" classname="Register" time="29.184">
    <system-out><![CDATA[
@Register
Scenario Outline: Register scenario      &amp#27;[90m# src/test/resources/features/register.feature:21&amp#27;[0m
  &amp#27;[32mGiven &amp#27;[0m&amp#27;[32mI am on the Landing page&amp#27;[0m         &amp#27;[90m# com.example.steps.RegisterStep.iValidateLandingPage()&amp#27;[0m
  &amp#27;[32mAnd &amp#27;[0m&amp#27;[32mI choose button to Login page&amp#27;[0m      &amp#27;[90m# com.example.steps.RegisterStep.iClickButtonLoginPage()&amp#27;[0m
  &amp#27;[32mAnd &amp#27;[0m&amp#27;[32mI Click text register&amp#27;[0m              &amp#27;[90m# com.example.steps.RegisterStep.iClickTextRegister()&amp#27;[0m
  &amp#27;[32mWhen &amp#27;[0m&amp#27;[32mI input &amp#27;[0m&amp#27;[32m&amp#27;[1m""&amp#27;[0m&amp#27;[32m fullName&amp#27;[0m               &amp#27;[90m# com.example.steps.RegisterStep.iInputFullName(java.lang.String)&amp#27;[0m
  &amp#27;[32mAnd &amp#27;[0m&amp#27;[32mI input &amp#27;[0m&amp#27;[32m&amp#27;[1m"hakim001@gmail.com"&amp#27;[0m&amp#27;[32m Email&amp#27;[0m &amp#27;[90m# com.example.steps.RegisterStep.iInputEmail(java.lang.String)&amp#27;[0m
  &amp#27;[32mAnd &amp#27;[0m&amp#27;[32mI input &amp#27;[0m&amp#27;[32m&amp#27;[1m"Valid@01"&amp#27;[0m&amp#27;[32m Password&amp#27;[0m        &amp#27;[90m# com.example.steps.RegisterStep.iInputPassword(java.lang.String)&amp#27;[0m
  &amp#27;[32mAnd &amp#27;[0m&amp#27;[32mclick register button&amp#27;[0m              &amp#27;[90m# com.example.steps.RegisterStep.clickRegisterButton()&amp#27;[0m
  &amp#27;[32mThen &amp#27;[0m&amp#27;[32mI Get the &amp#27;[0m&amp#27;[32m&amp#27;[1m"Error Name"&amp#27;[0m            &amp#27;[90m# com.example.steps.RegisterStep.iGetThe(java.lang.String)&amp#27;[0m
]]></system-out>
    <system-err><![CDATA[[main] INFO io.cucumber.core.plugin.SerenityReporter - Running feature from file:///D:/data%20hakim/Mini%20Project%20Alterra/MobileAltaShop/src/test/resources/features/register.feature
[main] WARN io.cucumber.core.plugin.SerenityReporter - Feature from file:///D:/data%20hakim/Mini%20Project%20Alterra/MobileAltaShop/src/test/resources/features/register.feature is not under the 'features' directory. Requirements report will not be correctly generated!
May 16, 2022 8:42:30 PM io.appium.java_client.remote.AppiumCommandExecutor$1 lambda$0
INFO: Detected dialect: W3C
]]></system-err>
  </testcase>
  <testcase name="Register scenario #4" classname="Register" time="29.345">
    <system-out><![CDATA[
@Register
Scenario Outline: Register scenario &amp#27;[90m# src/test/resources/features/register.feature:22&amp#27;[0m
  &amp#27;[32mGiven &amp#27;[0m&amp#27;[32mI am on the Landing page&amp#27;[0m    &amp#27;[90m# com.example.steps.RegisterStep.iValidateLandingPage()&amp#27;[0m
  &amp#27;[32mAnd &amp#27;[0m&amp#27;[32mI choose button to Login page&amp#27;[0m &amp#27;[90m# com.example.steps.RegisterStep.iClickButtonLoginPage()&amp#27;[0m
  &amp#27;[32mAnd &amp#27;[0m&amp#27;[32mI Click text register&amp#27;[0m         &amp#27;[90m# com.example.steps.RegisterStep.iClickTextRegister()&amp#27;[0m
  &amp#27;[32mWhen &amp#27;[0m&amp#27;[32mI input &amp#27;[0m&amp#27;[32m&amp#27;[1m"Hakim01"&amp#27;[0m&amp#27;[32m fullName&amp#27;[0m   &amp#27;[90m# com.example.steps.RegisterStep.iInputFullName(java.lang.String)&amp#27;[0m
  &amp#27;[32mAnd &amp#27;[0m&amp#27;[32mI input &amp#27;[0m&amp#27;[32m&amp#27;[1m""&amp#27;[0m&amp#27;[32m Email&amp#27;[0m              &amp#27;[90m# com.example.steps.RegisterStep.iInputEmail(java.lang.String)&amp#27;[0m
  &amp#27;[32mAnd &amp#27;[0m&amp#27;[32mI input &amp#27;[0m&amp#27;[32m&amp#27;[1m"Valid@01"&amp#27;[0m&amp#27;[32m Password&amp#27;[0m   &amp#27;[90m# com.example.steps.RegisterStep.iInputPassword(java.lang.String)&amp#27;[0m
  &amp#27;[32mAnd &amp#27;[0m&amp#27;[32mclick register button&amp#27;[0m         &amp#27;[90m# com.example.steps.RegisterStep.clickRegisterButton()&amp#27;[0m
  &amp#27;[32mThen &amp#27;[0m&amp#27;[32mI Get the &amp#27;[0m&amp#27;[32m&amp#27;[1m"Error Email"&amp#27;[0m      &amp#27;[90m# com.example.steps.RegisterStep.iGetThe(java.lang.String)&amp#27;[0m
]]></system-out>
    <system-err><![CDATA[[main] INFO io.cucumber.core.plugin.SerenityReporter - Running feature from file:///D:/data%20hakim/Mini%20Project%20Alterra/MobileAltaShop/src/test/resources/features/register.feature
[main] WARN io.cucumber.core.plugin.SerenityReporter - Feature from file:///D:/data%20hakim/Mini%20Project%20Alterra/MobileAltaShop/src/test/resources/features/register.feature is not under the 'features' directory. Requirements report will not be correctly generated!
May 16, 2022 8:43:00 PM io.appium.java_client.remote.AppiumCommandExecutor$1 lambda$0
INFO: Detected dialect: W3C
]]></system-err>
  </testcase>
  <testcase name="Register scenario #5" classname="Register" time="28.074">
    <system-out><![CDATA[
@Register
Scenario Outline: Register scenario &amp#27;[90m# src/test/resources/features/register.feature:23&amp#27;[0m
  &amp#27;[32mGiven &amp#27;[0m&amp#27;[32mI am on the Landing page&amp#27;[0m    &amp#27;[90m# com.example.steps.RegisterStep.iValidateLandingPage()&amp#27;[0m
  &amp#27;[32mAnd &amp#27;[0m&amp#27;[32mI choose button to Login page&amp#27;[0m &amp#27;[90m# com.example.steps.RegisterStep.iClickButtonLoginPage()&amp#27;[0m
  &amp#27;[32mAnd &amp#27;[0m&amp#27;[32mI Click text register&amp#27;[0m         &amp#27;[90m# com.example.steps.RegisterStep.iClickTextRegister()&amp#27;[0m
  &amp#27;[32mWhen &amp#27;[0m&amp#27;[32mI input &amp#27;[0m&amp#27;[32m&amp#27;[1m""&amp#27;[0m&amp#27;[32m fullName&amp#27;[0m          &amp#27;[90m# com.example.steps.RegisterStep.iInputFullName(java.lang.String)&amp#27;[0m
  &amp#27;[32mAnd &amp#27;[0m&amp#27;[32mI input &amp#27;[0m&amp#27;[32m&amp#27;[1m""&amp#27;[0m&amp#27;[32m Email&amp#27;[0m              &amp#27;[90m# com.example.steps.RegisterStep.iInputEmail(java.lang.String)&amp#27;[0m
  &amp#27;[32mAnd &amp#27;[0m&amp#27;[32mI input &amp#27;[0m&amp#27;[32m&amp#27;[1m""&amp#27;[0m&amp#27;[32m Password&amp#27;[0m           &amp#27;[90m# com.example.steps.RegisterStep.iInputPassword(java.lang.String)&amp#27;[0m
  &amp#27;[32mAnd &amp#27;[0m&amp#27;[32mclick register button&amp#27;[0m         &amp#27;[90m# com.example.steps.RegisterStep.clickRegisterButton()&amp#27;[0m
  &amp#27;[32mThen &amp#27;[0m&amp#27;[32mI Get the &amp#27;[0m&amp#27;[32m&amp#27;[1m"Error Email"&amp#27;[0m      &amp#27;[90m# com.example.steps.RegisterStep.iGetThe(java.lang.String)&amp#27;[0m
]]></system-out>
    <system-err><![CDATA[[main] INFO io.cucumber.core.plugin.SerenityReporter - Running feature from file:///D:/data%20hakim/Mini%20Project%20Alterra/MobileAltaShop/src/test/resources/features/register.feature
[main] WARN io.cucumber.core.plugin.SerenityReporter - Feature from file:///D:/data%20hakim/Mini%20Project%20Alterra/MobileAltaShop/src/test/resources/features/register.feature is not under the 'features' directory. Requirements report will not be correctly generated!
May 16, 2022 8:43:30 PM io.appium.java_client.remote.AppiumCommandExecutor$1 lambda$0
INFO: Detected dialect: W3C
]]></system-err>
  </testcase>
  <testcase name="Register scenario #6" classname="Register" time="30.54">
    <system-out><![CDATA[
@Register
Scenario Outline: Register scenario      &amp#27;[90m# src/test/resources/features/register.feature:24&amp#27;[0m
  &amp#27;[32mGiven &amp#27;[0m&amp#27;[32mI am on the Landing page&amp#27;[0m         &amp#27;[90m# com.example.steps.RegisterStep.iValidateLandingPage()&amp#27;[0m
  &amp#27;[32mAnd &amp#27;[0m&amp#27;[32mI choose button to Login page&amp#27;[0m      &amp#27;[90m# com.example.steps.RegisterStep.iClickButtonLoginPage()&amp#27;[0m
  &amp#27;[32mAnd &amp#27;[0m&amp#27;[32mI Click text register&amp#27;[0m              &amp#27;[90m# com.example.steps.RegisterStep.iClickTextRegister()&amp#27;[0m
  &amp#27;[32mWhen &amp#27;[0m&amp#27;[32mI input &amp#27;[0m&amp#27;[32m&amp#27;[1m"Hakim01"&amp#27;[0m&amp#27;[32m fullName&amp#27;[0m        &amp#27;[90m# com.example.steps.RegisterStep.iInputFullName(java.lang.String)&amp#27;[0m
  &amp#27;[32mAnd &amp#27;[0m&amp#27;[32mI input &amp#27;[0m&amp#27;[32m&amp#27;[1m"hakim001@gmail.com"&amp#27;[0m&amp#27;[32m Email&amp#27;[0m &amp#27;[90m# com.example.steps.RegisterStep.iInputEmail(java.lang.String)&amp#27;[0m
  &amp#27;[32mAnd &amp#27;[0m&amp#27;[32mI input &amp#27;[0m&amp#27;[32m&amp#27;[1m"Valid@01"&amp#27;[0m&amp#27;[32m Password&amp#27;[0m        &amp#27;[90m# com.example.steps.RegisterStep.iInputPassword(java.lang.String)&amp#27;[0m
  &amp#27;[32mAnd &amp#27;[0m&amp#27;[32mclick register button&amp#27;[0m              &amp#27;[90m# com.example.steps.RegisterStep.clickRegisterButton()&amp#27;[0m
  &amp#27;[32mThen &amp#27;[0m&amp#27;[32mI Get the &amp#27;[0m&amp#27;[32m&amp#27;[1m"Error ALL"&amp#27;[0m             &amp#27;[90m# com.example.steps.RegisterStep.iGetThe(java.lang.String)&amp#27;[0m
]]></system-out>
    <system-err><![CDATA[[main] INFO io.cucumber.core.plugin.SerenityReporter - Running feature from file:///D:/data%20hakim/Mini%20Project%20Alterra/MobileAltaShop/src/test/resources/features/register.feature
[main] WARN io.cucumber.core.plugin.SerenityReporter - Feature from file:///D:/data%20hakim/Mini%20Project%20Alterra/MobileAltaShop/src/test/resources/features/register.feature is not under the 'features' directory. Requirements report will not be correctly generated!
May 16, 2022 8:43:58 PM io.appium.java_client.remote.AppiumCommandExecutor$1 lambda$0
INFO: Detected dialect: W3C
]]></system-err>
  </testcase>
</testsuite>